<?xml version="1.0" encoding="utf-8"?><testsuites name="pytest tests"><testsuite name="pytest" errors="0" failures="0" skipped="0" tests="12" time="23.003" timestamp="2026-04-07T07:56:27.820228+00:00" hostname="agent-env-63bb495c-b4dd-4fbc-97e9-43610737879d"><testcase classname="backend.tests.test_structured_responses.TestStructuredResponses" name="test_health_check" time="0.475" /><testcase classname="backend.tests.test_structured_responses.TestStructuredResponses" name="test_get_scenarios" time="0.439" /><testcase classname="backend.tests.test_structured_responses.TestStructuredResponses" name="test_start_lesson_session" time="0.539" /><testcase classname="backend.tests.test_structured_responses.TestStructuredResponses" name="test_chat_returns_response_structure" time="2.283" /><testcase classname="backend.tests.test_structured_responses.TestStructuredResponses" name="test_chat_response_text_is_clean" time="1.699" /><testcase classname="backend.tests.test_structured_responses.TestStructuredResponses" name="test_vocabulary_structure" time="1.899" /><testcase classname="backend.tests.test_structured_responses.TestStructuredResponses" name="test_correction_triggered_by_wrong_translation" time="6.595" /><testcase classname="backend.tests.test_structured_responses.TestStructuredResponses" name="test_corrections_saved_to_session" time="7.152" /><testcase classname="backend.tests.test_structured_responses.TestStructuredResponses" name="test_voice_chat_returns_structured_data" time="0.624" /><testcase classname="backend.tests.test_structured_responses.TestAdminDashboardTabs" name="test_sentences_endpoint" time="0.418" /><testcase classname="backend.tests.test_structured_responses.TestAdminDashboardTabs" name="test_documents_endpoint" time="0.405" /><testcase classname="backend.tests.test_structured_responses.TestAdminDashboardTabs" name="test_ai_config_endpoint" time="0.408" /></testsuite></testsuites>