<?xml version="1.0" encoding="utf-8"?><testsuites name="pytest tests"><testsuite name="pytest" errors="0" failures="0" skipped="0" tests="29" time="8.947" timestamp="2026-04-07T07:14:16.244117+00:00" hostname="agent-env-63bb495c-b4dd-4fbc-97e9-43610737879d"><testcase classname="backend.tests.test_admin_features.TestHealthCheck" name="test_api_root" time="0.537" /><testcase classname="backend.tests.test_admin_features.TestHealthCheck" name="test_health_endpoint" time="0.096" /><testcase classname="backend.tests.test_admin_features.TestSentenceBank" name="test_get_sentences_empty_or_list" time="0.097" /><testcase classname="backend.tests.test_admin_features.TestSentenceBank" name="test_create_sentence" time="0.095" /><testcase classname="backend.tests.test_admin_features.TestSentenceBank" name="test_get_sentences_by_level" time="0.090" /><testcase classname="backend.tests.test_admin_features.TestSentenceBank" name="test_update_sentence" time="0.330" /><testcase classname="backend.tests.test_admin_features.TestSentenceBank" name="test_bulk_create_sentences" time="0.101" /><testcase classname="backend.tests.test_admin_features.TestSentenceBank" name="test_delete_sentence" time="0.334" /><testcase classname="backend.tests.test_admin_features.TestSentenceBank" name="test_delete_nonexistent_sentence" time="0.092" /><testcase classname="backend.tests.test_admin_features.TestDocuments" name="test_list_documents" time="0.109" /><testcase classname="backend.tests.test_admin_features.TestDocuments" name="test_upload_txt_document" time="0.783" /><testcase classname="backend.tests.test_admin_features.TestDocuments" name="test_get_document_content" time="0.403" /><testcase classname="backend.tests.test_admin_features.TestDocuments" name="test_delete_document" time="0.581" /><testcase classname="backend.tests.test_admin_features.TestDocuments" name="test_upload_unsupported_file_type" time="0.110" /><testcase classname="backend.tests.test_admin_features.TestAIConfig" name="test_get_ai_config" time="0.095" /><testcase classname="backend.tests.test_admin_features.TestAIConfig" name="test_update_ai_config_system_prompt" time="0.194" /><testcase classname="backend.tests.test_admin_features.TestAIConfig" name="test_toggle_sentence_bank" time="0.412" /><testcase classname="backend.tests.test_admin_features.TestAIConfig" name="test_toggle_documents" time="0.434" /><testcase classname="backend.tests.test_admin_features.TestAIConfig" name="test_update_max_sentences" time="0.207" /><testcase classname="backend.tests.test_admin_features.TestAIConfig" name="test_restore_original_config" time="0.118" /><testcase classname="backend.tests.test_admin_features.TestAdminSettings" name="test_get_admin_settings" time="0.100" /><testcase classname="backend.tests.test_admin_features.TestAdminSettings" name="test_update_daily_limit" time="0.314" /><testcase classname="backend.tests.test_admin_features.TestAdminSettings" name="test_update_teacher_tone" time="0.733" /><testcase classname="backend.tests.test_admin_features.TestAdminSettings" name="test_update_speech_speed" time="0.676" /><testcase classname="backend.tests.test_admin_features.TestAdminUsers" name="test_list_users" time="0.094" /><testcase classname="backend.tests.test_admin_features.TestCurriculum" name="test_list_scenarios" time="0.092" /><testcase classname="backend.tests.test_admin_features.TestCurriculum" name="test_list_scenarios_by_level" time="0.093" /><testcase classname="backend.tests.test_admin_features.TestCurriculum" name="test_create_scenario" time="0.106" /><testcase classname="backend.tests.test_admin_features.TestCurriculum" name="test_delete_scenario" time="1.425" /></testsuite></testsuites>